<?xml version="1.0" encoding="UTF-8" ?>
<testsuite failures="0" time="0.715" errors="0" skipped="0" tests="2" name="ifile_v2.TestLegacyIFile">
  <properties>
    <property name="java.runtime.name" value="Java(TM) SE Runtime Environment"/>
    <property name="sun.boot.library.path" value="/System/Library/Java/JavaVirtualMachines/1.6.0.jdk/Contents/Libraries"/>
    <property name="java.vm.version" value="20.65-b04-462"/>
    <property name="exec.mainClass" value="org.apache.tez.runtime.library.common.ifile2.benchmark.Benchmark"/>
    <property name="awt.nativeDoubleBuffering" value="true"/>
    <property name="gopherProxySet" value="false"/>
    <property name="mrj.build" value="11M4609"/>
    <property name="java.vm.vendor" value="Apple Inc."/>
    <property name="java.vendor.url" value="http://www.apple.com/"/>
    <property name="path.separator" value=":"/>
    <property name="java.vm.name" value="Java HotSpot(TM) 64-Bit Server VM"/>
    <property name="file.encoding.pkg" value="sun.io"/>
    <property name="user.country" value="US"/>
    <property name="sun.java.launcher" value="SUN_STANDARD"/>
    <property name="sun.os.patch.level" value="unknown"/>
    <property name="java.vm.specification.name" value="Java Virtual Machine Specification"/>
    <property name="user.dir" value="/Users/rbalamohan/Documents/workspace/ifile_v2"/>
    <property name="java.runtime.version" value="1.6.0_65-b14-462-11M4609"/>
    <property name="java.awt.graphicsenv" value="apple.awt.CGraphicsEnvironment"/>
    <property name="basedir" value="/Users/rbalamohan/Documents/workspace/ifile_v2"/>
    <property name="java.endorsed.dirs" value="/System/Library/Java/JavaVirtualMachines/1.6.0.jdk/Contents/Home/lib/endorsed"/>
    <property name="os.arch" value="x86_64"/>
    <property name="surefire.real.class.path" value="/Users/rbalamohan/Documents/workspace/ifile_v2/target/surefire/surefirebooter7750545694548502001.jar"/>
    <property name="java.io.tmpdir" value="/var/folders/s4/b6369g7x2yqflhbtf9335ts80000gp/T/"/>
    <property name="line.separator" value="
"/>
    <property name="java.vm.specification.vendor" value="Sun Microsystems Inc."/>
    <property name="os.name" value="Mac OS X"/>
    <property name="sun.jnu.encoding" value="MacRoman"/>
    <property name="java.library.path" value=".:/Library/Java/Extensions:/System/Library/Java/Extensions:/usr/lib/java"/>
    <property name="surefire.test.class.path" value="/Users/rbalamohan/Documents/workspace/ifile_v2/target/test-classes:/Users/rbalamohan/Documents/workspace/ifile_v2/target/classes:/Users/rbalamohan/.m2/repository/org/apache/hadoop/hadoop-client/2.4.0/hadoop-client-2.4.0.jar:/Users/rbalamohan/.m2/repository/org/apache/hadoop/hadoop-common/2.4.0/hadoop-common-2.4.0.jar:/Users/rbalamohan/.m2/repository/com/google/guava/guava/11.0.2/guava-11.0.2.jar:/Users/rbalamohan/.m2/repository/org/apache/commons/commons-math3/3.1.1/commons-math3-3.1.1.jar:/Users/rbalamohan/.m2/repository/xmlenc/xmlenc/0.52/xmlenc-0.52.jar:/Users/rbalamohan/.m2/repository/commons-httpclient/commons-httpclient/3.1/commons-httpclient-3.1.jar:/Users/rbalamohan/.m2/repository/commons-codec/commons-codec/1.4/commons-codec-1.4.jar:/Users/rbalamohan/.m2/repository/commons-io/commons-io/2.4/commons-io-2.4.jar:/Users/rbalamohan/.m2/repository/commons-net/commons-net/3.1/commons-net-3.1.jar:/Users/rbalamohan/.m2/repository/commons-collections/commons-collections/3.2.1/commons-collections-3.2.1.jar:/Users/rbalamohan/.m2/repository/commons-logging/commons-logging/1.1.3/commons-logging-1.1.3.jar:/Users/rbalamohan/.m2/repository/log4j/log4j/1.2.17/log4j-1.2.17.jar:/Users/rbalamohan/.m2/repository/commons-lang/commons-lang/2.6/commons-lang-2.6.jar:/Users/rbalamohan/.m2/repository/commons-configuration/commons-configuration/1.6/commons-configuration-1.6.jar:/Users/rbalamohan/.m2/repository/commons-digester/commons-digester/1.8/commons-digester-1.8.jar:/Users/rbalamohan/.m2/repository/commons-beanutils/commons-beanutils/1.7.0/commons-beanutils-1.7.0.jar:/Users/rbalamohan/.m2/repository/commons-beanutils/commons-beanutils-core/1.8.0/commons-beanutils-core-1.8.0.jar:/Users/rbalamohan/.m2/repository/org/slf4j/slf4j-api/1.7.5/slf4j-api-1.7.5.jar:/Users/rbalamohan/.m2/repository/org/slf4j/slf4j-log4j12/1.7.5/slf4j-log4j12-1.7.5.jar:/Users/rbalamohan/.m2/repository/org/codehaus/jackson/jackson-core-asl/1.8.8/jackson-core-asl-1.8.8.jar:/Users/rbalamohan/.m2/repository/org/codehaus/jackson/jackson-mapper-asl/1.8.8/jackson-mapper-asl-1.8.8.jar:/Users/rbalamohan/.m2/repository/org/apache/avro/avro/1.7.4/avro-1.7.4.jar:/Users/rbalamohan/.m2/repository/com/thoughtworks/paranamer/paranamer/2.3/paranamer-2.3.jar:/Users/rbalamohan/.m2/repository/org/apache/hadoop/hadoop-auth/2.4.0/hadoop-auth-2.4.0.jar:/Users/rbalamohan/.m2/repository/org/apache/httpcomponents/httpclient/4.2.5/httpclient-4.2.5.jar:/Users/rbalamohan/.m2/repository/org/apache/httpcomponents/httpcore/4.2.4/httpcore-4.2.4.jar:/Users/rbalamohan/.m2/repository/com/google/code/findbugs/jsr305/1.3.9/jsr305-1.3.9.jar:/Users/rbalamohan/.m2/repository/org/apache/zookeeper/zookeeper/3.4.5/zookeeper-3.4.5.jar:/Users/rbalamohan/.m2/repository/org/apache/commons/commons-compress/1.4.1/commons-compress-1.4.1.jar:/Users/rbalamohan/.m2/repository/org/tukaani/xz/1.0/xz-1.0.jar:/Users/rbalamohan/.m2/repository/org/apache/hadoop/hadoop-hdfs/2.4.0/hadoop-hdfs-2.4.0.jar:/Users/rbalamohan/.m2/repository/org/mortbay/jetty/jetty-util/6.1.26/jetty-util-6.1.26.jar:/Users/rbalamohan/.m2/repository/org/apache/hadoop/hadoop-mapreduce-client-app/2.4.0/hadoop-mapreduce-client-app-2.4.0.jar:/Users/rbalamohan/.m2/repository/org/apache/hadoop/hadoop-mapreduce-client-common/2.4.0/hadoop-mapreduce-client-common-2.4.0.jar:/Users/rbalamohan/.m2/repository/org/apache/hadoop/hadoop-yarn-server-common/2.4.0/hadoop-yarn-server-common-2.4.0.jar:/Users/rbalamohan/.m2/repository/org/apache/hadoop/hadoop-mapreduce-client-shuffle/2.4.0/hadoop-mapreduce-client-shuffle-2.4.0.jar:/Users/rbalamohan/.m2/repository/org/apache/hadoop/hadoop-yarn-api/2.4.0/hadoop-yarn-api-2.4.0.jar:/Users/rbalamohan/.m2/repository/org/apache/hadoop/hadoop-mapreduce-client-core/2.4.0/hadoop-mapreduce-client-core-2.4.0.jar:/Users/rbalamohan/.m2/repository/org/apache/hadoop/hadoop-yarn-common/2.4.0/hadoop-yarn-common-2.4.0.jar:/Users/rbalamohan/.m2/repository/javax/xml/bind/jaxb-api/2.2.2/jaxb-api-2.2.2.jar:/Users/rbalamohan/.m2/repository/javax/xml/stream/stax-api/1.0-2/stax-api-1.0-2.jar:/Users/rbalamohan/.m2/repository/javax/activation/activation/1.1/activation-1.1.jar:/Users/rbalamohan/.m2/repository/javax/servlet/servlet-api/2.5/servlet-api-2.5.jar:/Users/rbalamohan/.m2/repository/com/sun/jersey/jersey-core/1.9/jersey-core-1.9.jar:/Users/rbalamohan/.m2/repository/org/apache/hadoop/hadoop-mapreduce-client-jobclient/2.4.0/hadoop-mapreduce-client-jobclient-2.4.0.jar:/Users/rbalamohan/.m2/repository/org/apache/hadoop/hadoop-annotations/2.4.0/hadoop-annotations-2.4.0.jar:/Users/rbalamohan/.m2/repository/org/apache/tez/tez-runtime-library/0.4.0-incubating/tez-runtime-library-0.4.0-incubating.jar:/Users/rbalamohan/.m2/repository/org/apache/tez/tez-common/0.4.0-incubating/tez-common-0.4.0-incubating.jar:/Users/rbalamohan/.m2/repository/org/xerial/snappy/snappy-java/1.0.4.1/snappy-java-1.0.4.1.jar:/Users/rbalamohan/.m2/repository/org/apache/tez/tez-api/0.4.0-incubating/tez-api-0.4.0-incubating.jar:/Users/rbalamohan/.m2/repository/org/apache/hadoop/hadoop-yarn-client/2.2.0/hadoop-yarn-client-2.2.0.jar:/Users/rbalamohan/.m2/repository/com/google/inject/extensions/guice-servlet/3.0/guice-servlet-3.0.jar:/Users/rbalamohan/.m2/repository/io/netty/netty/3.6.2.Final/netty-3.6.2.Final.jar:/Users/rbalamohan/.m2/repository/com/google/inject/guice/3.0/guice-3.0.jar:/Users/rbalamohan/.m2/repository/javax/inject/javax.inject/1/javax.inject-1.jar:/Users/rbalamohan/.m2/repository/aopalliance/aopalliance/1.0/aopalliance-1.0.jar:/Users/rbalamohan/.m2/repository/com/sun/jersey/jersey-test-framework/jersey-test-framework-grizzly2/1.9/jersey-test-framework-grizzly2-1.9.jar:/Users/rbalamohan/.m2/repository/com/sun/jersey/jersey-test-framework/jersey-test-framework-core/1.9/jersey-test-framework-core-1.9.jar:/Users/rbalamohan/.m2/repository/javax/servlet/javax.servlet-api/3.0.1/javax.servlet-api-3.0.1.jar:/Users/rbalamohan/.m2/repository/com/sun/jersey/jersey-client/1.9/jersey-client-1.9.jar:/Users/rbalamohan/.m2/repository/com/sun/jersey/jersey-grizzly2/1.9/jersey-grizzly2-1.9.jar:/Users/rbalamohan/.m2/repository/org/glassfish/grizzly/grizzly-http/2.1.2/grizzly-http-2.1.2.jar:/Users/rbalamohan/.m2/repository/org/glassfish/grizzly/grizzly-framework/2.1.2/grizzly-framework-2.1.2.jar:/Users/rbalamohan/.m2/repository/org/glassfish/gmbal/gmbal-api-only/3.0.0-b023/gmbal-api-only-3.0.0-b023.jar:/Users/rbalamohan/.m2/repository/org/glassfish/external/management-api/3.0.0-b012/management-api-3.0.0-b012.jar:/Users/rbalamohan/.m2/repository/org/glassfish/grizzly/grizzly-http-server/2.1.2/grizzly-http-server-2.1.2.jar:/Users/rbalamohan/.m2/repository/org/glassfish/grizzly/grizzly-rcm/2.1.2/grizzly-rcm-2.1.2.jar:/Users/rbalamohan/.m2/repository/org/glassfish/grizzly/grizzly-http-servlet/2.1.2/grizzly-http-servlet-2.1.2.jar:/Users/rbalamohan/.m2/repository/org/glassfish/javax.servlet/3.1/javax.servlet-3.1.jar:/Users/rbalamohan/.m2/repository/com/sun/jersey/jersey-server/1.9/jersey-server-1.9.jar:/Users/rbalamohan/.m2/repository/asm/asm/3.1/asm-3.1.jar:/Users/rbalamohan/.m2/repository/com/sun/jersey/jersey-json/1.9/jersey-json-1.9.jar:/Users/rbalamohan/.m2/repository/org/codehaus/jettison/jettison/1.1/jettison-1.1.jar:/Users/rbalamohan/.m2/repository/stax/stax-api/1.0.1/stax-api-1.0.1.jar:/Users/rbalamohan/.m2/repository/com/sun/xml/bind/jaxb-impl/2.2.3-1/jaxb-impl-2.2.3-1.jar:/Users/rbalamohan/.m2/repository/org/codehaus/jackson/jackson-jaxrs/1.8.3/jackson-jaxrs-1.8.3.jar:/Users/rbalamohan/.m2/repository/org/codehaus/jackson/jackson-xc/1.8.3/jackson-xc-1.8.3.jar:/Users/rbalamohan/.m2/repository/com/sun/jersey/contribs/jersey-guice/1.9/jersey-guice-1.9.jar:/Users/rbalamohan/.m2/repository/org/apache/commons/commons-collections4/4.0/commons-collections4-4.0.jar:/Users/rbalamohan/.m2/repository/com/google/protobuf/protobuf-java/2.5.0/protobuf-java-2.5.0.jar:/Users/rbalamohan/.m2/repository/commons-cli/commons-cli/1.1/commons-cli-1.1.jar:/Users/rbalamohan/.m2/repository/org/mockito/mockito-core/1.8.5/mockito-core-1.8.5.jar:/Users/rbalamohan/.m2/repository/org/hamcrest/hamcrest-core/1.1/hamcrest-core-1.1.jar:/Users/rbalamohan/.m2/repository/org/objenesis/objenesis/1.0/objenesis-1.0.jar:/Users/rbalamohan/.m2/repository/junit/junit/4.7/junit-4.7.jar:"/>
    <property name="java.specification.name" value="Java Platform API Specification"/>
    <property name="java.class.version" value="50.0"/>
    <property name="sun.management.compiler" value="HotSpot 64-Bit Tiered Compilers"/>
    <property name="os.version" value="10.9.2"/>
    <property name="http.nonProxyHosts" value="local|*.local|169.254/16|*.169.254/16"/>
    <property name="user.home" value="/Users/rbalamohan"/>
    <property name="user.timezone" value=""/>
    <property name="java.awt.printerjob" value="apple.awt.CPrinterJob"/>
    <property name="java.specification.version" value="1.6"/>
    <property name="file.encoding" value="MacRoman"/>
    <property name="user.name" value="rbalamohan"/>
    <property name="java.class.path" value="/Users/rbalamohan/Documents/workspace/ifile_v2/target/test-classes:/Users/rbalamohan/Documents/workspace/ifile_v2/target/classes:/Users/rbalamohan/.m2/repository/org/apache/hadoop/hadoop-client/2.4.0/hadoop-client-2.4.0.jar:/Users/rbalamohan/.m2/repository/org/apache/hadoop/hadoop-common/2.4.0/hadoop-common-2.4.0.jar:/Users/rbalamohan/.m2/repository/com/google/guava/guava/11.0.2/guava-11.0.2.jar:/Users/rbalamohan/.m2/repository/org/apache/commons/commons-math3/3.1.1/commons-math3-3.1.1.jar:/Users/rbalamohan/.m2/repository/xmlenc/xmlenc/0.52/xmlenc-0.52.jar:/Users/rbalamohan/.m2/repository/commons-httpclient/commons-httpclient/3.1/commons-httpclient-3.1.jar:/Users/rbalamohan/.m2/repository/commons-codec/commons-codec/1.4/commons-codec-1.4.jar:/Users/rbalamohan/.m2/repository/commons-io/commons-io/2.4/commons-io-2.4.jar:/Users/rbalamohan/.m2/repository/commons-net/commons-net/3.1/commons-net-3.1.jar:/Users/rbalamohan/.m2/repository/commons-collections/commons-collections/3.2.1/commons-collections-3.2.1.jar:/Users/rbalamohan/.m2/repository/commons-logging/commons-logging/1.1.3/commons-logging-1.1.3.jar:/Users/rbalamohan/.m2/repository/log4j/log4j/1.2.17/log4j-1.2.17.jar:/Users/rbalamohan/.m2/repository/commons-lang/commons-lang/2.6/commons-lang-2.6.jar:/Users/rbalamohan/.m2/repository/commons-configuration/commons-configuration/1.6/commons-configuration-1.6.jar:/Users/rbalamohan/.m2/repository/commons-digester/commons-digester/1.8/commons-digester-1.8.jar:/Users/rbalamohan/.m2/repository/commons-beanutils/commons-beanutils/1.7.0/commons-beanutils-1.7.0.jar:/Users/rbalamohan/.m2/repository/commons-beanutils/commons-beanutils-core/1.8.0/commons-beanutils-core-1.8.0.jar:/Users/rbalamohan/.m2/repository/org/slf4j/slf4j-api/1.7.5/slf4j-api-1.7.5.jar:/Users/rbalamohan/.m2/repository/org/slf4j/slf4j-log4j12/1.7.5/slf4j-log4j12-1.7.5.jar:/Users/rbalamohan/.m2/repository/org/codehaus/jackson/jackson-core-asl/1.8.8/jackson-core-asl-1.8.8.jar:/Users/rbalamohan/.m2/repository/org/codehaus/jackson/jackson-mapper-asl/1.8.8/jackson-mapper-asl-1.8.8.jar:/Users/rbalamohan/.m2/repository/org/apache/avro/avro/1.7.4/avro-1.7.4.jar:/Users/rbalamohan/.m2/repository/com/thoughtworks/paranamer/paranamer/2.3/paranamer-2.3.jar:/Users/rbalamohan/.m2/repository/org/apache/hadoop/hadoop-auth/2.4.0/hadoop-auth-2.4.0.jar:/Users/rbalamohan/.m2/repository/org/apache/httpcomponents/httpclient/4.2.5/httpclient-4.2.5.jar:/Users/rbalamohan/.m2/repository/org/apache/httpcomponents/httpcore/4.2.4/httpcore-4.2.4.jar:/Users/rbalamohan/.m2/repository/com/google/code/findbugs/jsr305/1.3.9/jsr305-1.3.9.jar:/Users/rbalamohan/.m2/repository/org/apache/zookeeper/zookeeper/3.4.5/zookeeper-3.4.5.jar:/Users/rbalamohan/.m2/repository/org/apache/commons/commons-compress/1.4.1/commons-compress-1.4.1.jar:/Users/rbalamohan/.m2/repository/org/tukaani/xz/1.0/xz-1.0.jar:/Users/rbalamohan/.m2/repository/org/apache/hadoop/hadoop-hdfs/2.4.0/hadoop-hdfs-2.4.0.jar:/Users/rbalamohan/.m2/repository/org/mortbay/jetty/jetty-util/6.1.26/jetty-util-6.1.26.jar:/Users/rbalamohan/.m2/repository/org/apache/hadoop/hadoop-mapreduce-client-app/2.4.0/hadoop-mapreduce-client-app-2.4.0.jar:/Users/rbalamohan/.m2/repository/org/apache/hadoop/hadoop-mapreduce-client-common/2.4.0/hadoop-mapreduce-client-common-2.4.0.jar:/Users/rbalamohan/.m2/repository/org/apache/hadoop/hadoop-yarn-server-common/2.4.0/hadoop-yarn-server-common-2.4.0.jar:/Users/rbalamohan/.m2/repository/org/apache/hadoop/hadoop-mapreduce-client-shuffle/2.4.0/hadoop-mapreduce-client-shuffle-2.4.0.jar:/Users/rbalamohan/.m2/repository/org/apache/hadoop/hadoop-yarn-api/2.4.0/hadoop-yarn-api-2.4.0.jar:/Users/rbalamohan/.m2/repository/org/apache/hadoop/hadoop-mapreduce-client-core/2.4.0/hadoop-mapreduce-client-core-2.4.0.jar:/Users/rbalamohan/.m2/repository/org/apache/hadoop/hadoop-yarn-common/2.4.0/hadoop-yarn-common-2.4.0.jar:/Users/rbalamohan/.m2/repository/javax/xml/bind/jaxb-api/2.2.2/jaxb-api-2.2.2.jar:/Users/rbalamohan/.m2/repository/javax/xml/stream/stax-api/1.0-2/stax-api-1.0-2.jar:/Users/rbalamohan/.m2/repository/javax/activation/activation/1.1/activation-1.1.jar:/Users/rbalamohan/.m2/repository/javax/servlet/servlet-api/2.5/servlet-api-2.5.jar:/Users/rbalamohan/.m2/repository/com/sun/jersey/jersey-core/1.9/jersey-core-1.9.jar:/Users/rbalamohan/.m2/repository/org/apache/hadoop/hadoop-mapreduce-client-jobclient/2.4.0/hadoop-mapreduce-client-jobclient-2.4.0.jar:/Users/rbalamohan/.m2/repository/org/apache/hadoop/hadoop-annotations/2.4.0/hadoop-annotations-2.4.0.jar:/Users/rbalamohan/.m2/repository/org/apache/tez/tez-runtime-library/0.4.0-incubating/tez-runtime-library-0.4.0-incubating.jar:/Users/rbalamohan/.m2/repository/org/apache/tez/tez-common/0.4.0-incubating/tez-common-0.4.0-incubating.jar:/Users/rbalamohan/.m2/repository/org/xerial/snappy/snappy-java/1.0.4.1/snappy-java-1.0.4.1.jar:/Users/rbalamohan/.m2/repository/org/apache/tez/tez-api/0.4.0-incubating/tez-api-0.4.0-incubating.jar:/Users/rbalamohan/.m2/repository/org/apache/hadoop/hadoop-yarn-client/2.2.0/hadoop-yarn-client-2.2.0.jar:/Users/rbalamohan/.m2/repository/com/google/inject/extensions/guice-servlet/3.0/guice-servlet-3.0.jar:/Users/rbalamohan/.m2/repository/io/netty/netty/3.6.2.Final/netty-3.6.2.Final.jar:/Users/rbalamohan/.m2/repository/com/google/inject/guice/3.0/guice-3.0.jar:/Users/rbalamohan/.m2/repository/javax/inject/javax.inject/1/javax.inject-1.jar:/Users/rbalamohan/.m2/repository/aopalliance/aopalliance/1.0/aopalliance-1.0.jar:/Users/rbalamohan/.m2/repository/com/sun/jersey/jersey-test-framework/jersey-test-framework-grizzly2/1.9/jersey-test-framework-grizzly2-1.9.jar:/Users/rbalamohan/.m2/repository/com/sun/jersey/jersey-test-framework/jersey-test-framework-core/1.9/jersey-test-framework-core-1.9.jar:/Users/rbalamohan/.m2/repository/javax/servlet/javax.servlet-api/3.0.1/javax.servlet-api-3.0.1.jar:/Users/rbalamohan/.m2/repository/com/sun/jersey/jersey-client/1.9/jersey-client-1.9.jar:/Users/rbalamohan/.m2/repository/com/sun/jersey/jersey-grizzly2/1.9/jersey-grizzly2-1.9.jar:/Users/rbalamohan/.m2/repository/org/glassfish/grizzly/grizzly-http/2.1.2/grizzly-http-2.1.2.jar:/Users/rbalamohan/.m2/repository/org/glassfish/grizzly/grizzly-framework/2.1.2/grizzly-framework-2.1.2.jar:/Users/rbalamohan/.m2/repository/org/glassfish/gmbal/gmbal-api-only/3.0.0-b023/gmbal-api-only-3.0.0-b023.jar:/Users/rbalamohan/.m2/repository/org/glassfish/external/management-api/3.0.0-b012/management-api-3.0.0-b012.jar:/Users/rbalamohan/.m2/repository/org/glassfish/grizzly/grizzly-http-server/2.1.2/grizzly-http-server-2.1.2.jar:/Users/rbalamohan/.m2/repository/org/glassfish/grizzly/grizzly-rcm/2.1.2/grizzly-rcm-2.1.2.jar:/Users/rbalamohan/.m2/repository/org/glassfish/grizzly/grizzly-http-servlet/2.1.2/grizzly-http-servlet-2.1.2.jar:/Users/rbalamohan/.m2/repository/org/glassfish/javax.servlet/3.1/javax.servlet-3.1.jar:/Users/rbalamohan/.m2/repository/com/sun/jersey/jersey-server/1.9/jersey-server-1.9.jar:/Users/rbalamohan/.m2/repository/asm/asm/3.1/asm-3.1.jar:/Users/rbalamohan/.m2/repository/com/sun/jersey/jersey-json/1.9/jersey-json-1.9.jar:/Users/rbalamohan/.m2/repository/org/codehaus/jettison/jettison/1.1/jettison-1.1.jar:/Users/rbalamohan/.m2/repository/stax/stax-api/1.0.1/stax-api-1.0.1.jar:/Users/rbalamohan/.m2/repository/com/sun/xml/bind/jaxb-impl/2.2.3-1/jaxb-impl-2.2.3-1.jar:/Users/rbalamohan/.m2/repository/org/codehaus/jackson/jackson-jaxrs/1.8.3/jackson-jaxrs-1.8.3.jar:/Users/rbalamohan/.m2/repository/org/codehaus/jackson/jackson-xc/1.8.3/jackson-xc-1.8.3.jar:/Users/rbalamohan/.m2/repository/com/sun/jersey/contribs/jersey-guice/1.9/jersey-guice-1.9.jar:/Users/rbalamohan/.m2/repository/org/apache/commons/commons-collections4/4.0/commons-collections4-4.0.jar:/Users/rbalamohan/.m2/repository/com/google/protobuf/protobuf-java/2.5.0/protobuf-java-2.5.0.jar:/Users/rbalamohan/.m2/repository/commons-cli/commons-cli/1.1/commons-cli-1.1.jar:/Users/rbalamohan/.m2/repository/org/mockito/mockito-core/1.8.5/mockito-core-1.8.5.jar:/Users/rbalamohan/.m2/repository/org/hamcrest/hamcrest-core/1.1/hamcrest-core-1.1.jar:/Users/rbalamohan/.m2/repository/org/objenesis/objenesis/1.0/objenesis-1.0.jar:/Users/rbalamohan/.m2/repository/junit/junit/4.7/junit-4.7.jar:"/>
    <property name="java.vm.specification.version" value="1.0"/>
    <property name="sun.arch.data.model" value="64"/>
    <property name="java.home" value="/System/Library/Java/JavaVirtualMachines/1.6.0.jdk/Contents/Home"/>
    <property name="sun.java.command" value="/Users/rbalamohan/Documents/workspace/ifile_v2/target/surefire/surefirebooter7750545694548502001.jar /Users/rbalamohan/Documents/workspace/ifile_v2/target/surefire/surefire5805577864671327618tmp /Users/rbalamohan/Documents/workspace/ifile_v2/target/surefire/surefire5012154188290684372tmp"/>
    <property name="java.specification.vendor" value="Sun Microsystems Inc."/>
    <property name="user.language" value="en"/>
    <property name="awt.toolkit" value="apple.awt.CToolkit"/>
    <property name="java.vm.info" value="mixed mode"/>
    <property name="java.version" value="1.6.0_65"/>
    <property name="java.ext.dirs" value="/Library/Java/Extensions:/System/Library/Java/Extensions:/System/Library/Java/JavaVirtualMachines/1.6.0.jdk/Contents/Home/lib/ext"/>
    <property name="sun.boot.class.path" value="/System/Library/Java/JavaVirtualMachines/1.6.0.jdk/Contents/Classes/jsfd.jar:/System/Library/Java/JavaVirtualMachines/1.6.0.jdk/Contents/Classes/classes.jar:/System/Library/Frameworks/JavaVM.framework/Frameworks/JavaRuntimeSupport.framework/Resources/Java/JavaRuntimeSupport.jar:/System/Library/Java/JavaVirtualMachines/1.6.0.jdk/Contents/Classes/ui.jar:/System/Library/Java/JavaVirtualMachines/1.6.0.jdk/Contents/Classes/laf.jar:/System/Library/Java/JavaVirtualMachines/1.6.0.jdk/Contents/Classes/sunrsasign.jar:/System/Library/Java/JavaVirtualMachines/1.6.0.jdk/Contents/Classes/jsse.jar:/System/Library/Java/JavaVirtualMachines/1.6.0.jdk/Contents/Classes/jce.jar:/System/Library/Java/JavaVirtualMachines/1.6.0.jdk/Contents/Classes/charsets.jar"/>
    <property name="java.vendor" value="Apple Inc."/>
    <property name="localRepository" value="/Users/rbalamohan/.m2/repository"/>
    <property name="file.separator" value="/"/>
    <property name="java.vendor.url.bug" value="http://bugreport.apple.com/"/>
    <property name="sun.cpu.endian" value="little"/>
    <property name="sun.io.unicode.encoding" value="UnicodeLittle"/>
    <property name="mrj.version" value="1070.1.6.0_65-462"/>
    <property name="socksNonProxyHosts" value="local|*.local|169.254/16|*.169.254/16"/>
    <property name="exec.args" value="file:////Users/rbalamohan/Documents/workspace/ifile_v2/store_sales_60_l.csv"/>
    <property name="ftp.nonProxyHosts" value="local|*.local|169.254/16|*.169.254/16"/>
    <property name="sun.cpu.isalist" value=""/>
  </properties>
  <testcase time="0.59" classname="ifile_v2.TestLegacyIFile" name="testMultiKVIFile"/>
  <testcase time="0.078" classname="ifile_v2.TestLegacyIFile" name="testLegacyIFile"/>
</testsuite>